level=INFO ts=2020-01-13T18:33:06.999285739Z app=sampleCborFilter source=sdk.go:357 msg="Logger successfully initialized"
level=INFO ts=2020-01-13T18:33:07.004199282Z app=sampleCborFilter source=sdk.go:454 version=0.0.0 msg="Skipping core service version compatibility check for SDK Beta version or running in debugger"
level=INFO ts=2020-01-13T18:33:07.007829467Z app=sampleCborFilter source=sdk.go:382 msg="Clients initialized"
level=INFO ts=2020-01-13T18:33:07.012050484Z app=sampleCborFilter source=server.go:183 msg="Registering standard routes..."
level=INFO ts=2020-01-13T18:33:07.012135012Z app=sampleCborFilter source=telemetry.go:79 msg="Starting CPU Usage Average loop"
level=INFO ts=2020-01-13T18:33:07.015957493Z app=sampleCborFilter source=main.go:68 msg="Filtering for [Image] value descriptors..."
level=INFO ts=2020-01-13T18:33:07.02320272Z app=sampleCborFilter source=sdk.go:508 msg="MessageBus trigger selected"
level=INFO ts=2020-01-13T18:33:07.026843067Z app=sampleCborFilter source=messaging.go:46 msg="Initializing Message Bus Trigger. Subscribing to topic: events on port 5563 , Publish Topic: somewhere on port 5564"
level=INFO ts=2020-01-13T18:33:07.030992131Z app=sampleCborFilter source=sdk.go:154 msg="StoreAndForward disabled. Not running retry loop."
level=INFO ts=2020-01-13T18:33:07.034598081Z app=sampleCborFilter source=sdk.go:157 msg="Simple CBOR Filter Application Service started"
level=INFO ts=2020-01-13T18:33:07.0385262Z app=sampleCborFilter source=server.go:232 msg="Starting HTTP Server on port :48095"
level=INFO ts=2020-01-13T18:35:59.969501624Z app=sampleCborFilter source=sdk.go:170 msg="Terminating: interrupt"
level=INFO ts=2020-01-13T18:35:59.981748272Z app=sampleCborFilter source=telemetry.go:84 msg="Exiting CPU Usage Average loop"
level=INFO ts=2020-01-13T18:44:02.46867192Z app=sampleCborFilter source=sdk.go:357 msg="Logger successfully initialized"
level=INFO ts=2020-01-13T18:44:02.47409742Z app=sampleCborFilter source=sdk.go:454 version=0.0.0 msg="Skipping core service version compatibility check for SDK Beta version or running in debugger"
level=INFO ts=2020-01-13T18:44:02.477815406Z app=sampleCborFilter source=sdk.go:382 msg="Clients initialized"
level=INFO ts=2020-01-13T18:44:02.481381143Z app=sampleCborFilter source=server.go:183 msg="Registering standard routes..."
level=INFO ts=2020-01-13T18:44:02.481541219Z app=sampleCborFilter source=telemetry.go:79 msg="Starting CPU Usage Average loop"
level=INFO ts=2020-01-13T18:44:02.485159042Z app=sampleCborFilter source=main.go:68 msg="Filtering for [Image] value descriptors..."
level=INFO ts=2020-01-13T18:44:02.492579253Z app=sampleCborFilter source=sdk.go:508 msg="MessageBus trigger selected"
level=INFO ts=2020-01-13T18:44:02.496348346Z app=sampleCborFilter source=messaging.go:46 msg="Initializing Message Bus Trigger. Subscribing to topic: events on port 5563 , Publish Topic: somewhere on port 5564"
level=INFO ts=2020-01-13T18:44:02.500534086Z app=sampleCborFilter source=sdk.go:154 msg="StoreAndForward disabled. Not running retry loop."
level=INFO ts=2020-01-13T18:44:02.504284006Z app=sampleCborFilter source=sdk.go:157 msg="Simple CBOR Filter Application Service started"
level=INFO ts=2020-01-13T18:44:02.508179319Z app=sampleCborFilter source=server.go:232 msg="Starting HTTP Server on port :48095"
level=INFO ts=2020-01-13T18:51:34.429735486Z app=sampleCborFilter source=sdk.go:170 msg="Terminating: interrupt"
level=INFO ts=2020-01-13T18:51:34.439258355Z app=sampleCborFilter source=telemetry.go:84 msg="Exiting CPU Usage Average loop"
level=INFO ts=2020-01-13T19:30:25.027774345Z app=sampleCborFilter source=sdk.go:357 msg="Logger successfully initialized"
level=INFO ts=2020-01-13T19:30:25.031430603Z app=sampleCborFilter source=sdk.go:454 version=0.0.0 msg="Skipping core service version compatibility check for SDK Beta version or running in debugger"
level=INFO ts=2020-01-13T19:30:25.034851178Z app=sampleCborFilter source=sdk.go:382 msg="Clients initialized"
level=INFO ts=2020-01-13T19:30:25.038278627Z app=sampleCborFilter source=server.go:183 msg="Registering standard routes..."
level=INFO ts=2020-01-13T19:30:25.041836947Z app=sampleCborFilter source=main.go:70 msg="Filtering for [Image] value descriptors..."
level=INFO ts=2020-01-13T19:30:25.038355192Z app=sampleCborFilter source=telemetry.go:79 msg="Starting CPU Usage Average loop"
level=INFO ts=2020-01-13T19:30:25.045088417Z app=sampleCborFilter source=sdk.go:508 msg="MessageBus trigger selected"
level=INFO ts=2020-01-13T19:30:25.051781531Z app=sampleCborFilter source=messaging.go:46 msg="Initializing Message Bus Trigger. Subscribing to topic: events on port 5563 , Publish Topic: somewhere on port 5564"
level=INFO ts=2020-01-13T19:30:25.055959549Z app=sampleCborFilter source=sdk.go:154 msg="StoreAndForward disabled. Not running retry loop."
level=INFO ts=2020-01-13T19:30:25.059473095Z app=sampleCborFilter source=sdk.go:157 msg="Simple CBOR Filter Application Service started"
level=INFO ts=2020-01-13T19:30:25.063531479Z app=sampleCborFilter source=server.go:232 msg="Starting HTTP Server on port :48095"
level=INFO ts=2020-01-13T19:32:08.081769094Z app=sampleCborFilter source=sdk.go:170 msg="Terminating: interrupt"
level=INFO ts=2020-01-13T19:32:08.09135691Z app=sampleCborFilter source=telemetry.go:84 msg="Exiting CPU Usage Average loop"
level=INFO ts=2020-01-13T20:05:46.563124231Z app=sampleCborFilter source=sdk.go:357 msg="Logger successfully initialized"
level=INFO ts=2020-01-13T20:05:46.572720386Z app=sampleCborFilter source=sdk.go:454 version=0.0.0 msg="Skipping core service version compatibility check for SDK Beta version or running in debugger"
level=INFO ts=2020-01-13T20:05:46.576065027Z app=sampleCborFilter source=sdk.go:382 msg="Clients initialized"
level=INFO ts=2020-01-13T20:05:46.579360632Z app=sampleCborFilter source=server.go:183 msg="Registering standard routes..."
level=INFO ts=2020-01-13T20:05:46.582987544Z app=sampleCborFilter source=main.go:70 msg="Filtering for [Image] value descriptors..."
level=INFO ts=2020-01-13T20:05:46.579478596Z app=sampleCborFilter source=telemetry.go:79 msg="Starting CPU Usage Average loop"
level=INFO ts=2020-01-13T20:05:46.586346443Z app=sampleCborFilter source=sdk.go:508 msg="MessageBus trigger selected"
level=INFO ts=2020-01-13T20:05:46.593454218Z app=sampleCborFilter source=messaging.go:46 msg="Initializing Message Bus Trigger. Subscribing to topic: events on port 5563 , Publish Topic: somewhere on port 5564"
level=INFO ts=2020-01-13T20:05:46.597472795Z app=sampleCborFilter source=sdk.go:154 msg="StoreAndForward disabled. Not running retry loop."
level=INFO ts=2020-01-13T20:05:46.601063868Z app=sampleCborFilter source=sdk.go:157 msg="Simple CBOR Filter Application Service started"
level=INFO ts=2020-01-13T20:05:46.604991091Z app=sampleCborFilter source=server.go:232 msg="Starting HTTP Server on port :48095"
level=INFO ts=2020-01-13T20:07:11.327218912Z app=sampleCborFilter source=sdk.go:170 msg="Terminating: interrupt"
level=INFO ts=2020-01-13T20:07:11.33670719Z app=sampleCborFilter source=telemetry.go:84 msg="Exiting CPU Usage Average loop"
level=INFO ts=2020-01-13T20:07:15.168178456Z app=sampleCborFilter source=sdk.go:357 msg="Logger successfully initialized"
level=INFO ts=2020-01-13T20:07:15.177430254Z app=sampleCborFilter source=sdk.go:454 version=0.0.0 msg="Skipping core service version compatibility check for SDK Beta version or running in debugger"
level=INFO ts=2020-01-13T20:07:15.180756867Z app=sampleCborFilter source=sdk.go:382 msg="Clients initialized"
level=INFO ts=2020-01-13T20:07:15.18410316Z app=sampleCborFilter source=server.go:183 msg="Registering standard routes..."
level=INFO ts=2020-01-13T20:07:15.187533482Z app=sampleCborFilter source=main.go:70 msg="Filtering for [Image] value descriptors..."
level=INFO ts=2020-01-13T20:07:15.184172377Z app=sampleCborFilter source=telemetry.go:79 msg="Starting CPU Usage Average loop"
level=INFO ts=2020-01-13T20:07:15.190889449Z app=sampleCborFilter source=sdk.go:508 msg="MessageBus trigger selected"
level=INFO ts=2020-01-13T20:07:15.19765615Z app=sampleCborFilter source=messaging.go:46 msg="Initializing Message Bus Trigger. Subscribing to topic: events on port 5563 , Publish Topic: somewhere on port 5564"
level=INFO ts=2020-01-13T20:07:15.20141963Z app=sampleCborFilter source=sdk.go:154 msg="StoreAndForward disabled. Not running retry loop."
level=INFO ts=2020-01-13T20:07:15.204897212Z app=sampleCborFilter source=sdk.go:157 msg="Simple CBOR Filter Application Service started"
level=INFO ts=2020-01-13T20:07:15.208731512Z app=sampleCborFilter source=server.go:232 msg="Starting HTTP Server on port :48095"
level=INFO ts=2020-01-13T20:09:41.107292087Z app=sampleCborFilter source=sdk.go:170 msg="Terminating: interrupt"
level=INFO ts=2020-01-13T20:09:41.116464334Z app=sampleCborFilter source=telemetry.go:84 msg="Exiting CPU Usage Average loop"
level=INFO ts=2020-01-13T20:13:14.957193691Z app=sampleCborFilter source=sdk.go:357 msg="Logger successfully initialized"
level=INFO ts=2020-01-13T20:13:14.966511372Z app=sampleCborFilter source=sdk.go:454 version=0.0.0 msg="Skipping core service version compatibility check for SDK Beta version or running in debugger"
level=INFO ts=2020-01-13T20:13:14.969774334Z app=sampleCborFilter source=sdk.go:382 msg="Clients initialized"
level=INFO ts=2020-01-13T20:13:14.973509534Z app=sampleCborFilter source=server.go:183 msg="Registering standard routes..."
level=INFO ts=2020-01-13T20:13:14.973580538Z app=sampleCborFilter source=telemetry.go:79 msg="Starting CPU Usage Average loop"
level=INFO ts=2020-01-13T20:13:14.976963665Z app=sampleCborFilter source=main.go:70 msg="Filtering for [Image] value descriptors..."
level=INFO ts=2020-01-13T20:13:14.984014483Z app=sampleCborFilter source=sdk.go:508 msg="MessageBus trigger selected"
level=INFO ts=2020-01-13T20:13:14.987308048Z app=sampleCborFilter source=messaging.go:46 msg="Initializing Message Bus Trigger. Subscribing to topic: events on port 5563 , Publish Topic: somewhere on port 5564"
level=INFO ts=2020-01-13T20:13:14.991167643Z app=sampleCborFilter source=sdk.go:154 msg="StoreAndForward disabled. Not running retry loop."
level=INFO ts=2020-01-13T20:13:14.994421405Z app=sampleCborFilter source=sdk.go:157 msg="Simple CBOR Filter Application Service started"
level=INFO ts=2020-01-13T20:13:14.998341038Z app=sampleCborFilter source=server.go:232 msg="Starting HTTP Server on port :48095"
level=INFO ts=2020-01-13T20:14:06.117814264Z app=sampleCborFilter source=sdk.go:170 msg="Terminating: interrupt"
level=INFO ts=2020-01-13T20:14:06.127577366Z app=sampleCborFilter source=telemetry.go:84 msg="Exiting CPU Usage Average loop"
level=INFO ts=2020-01-13T20:21:28.07346758Z app=sampleCborFilter source=sdk.go:357 msg="Logger successfully initialized"
level=INFO ts=2020-01-13T20:21:28.082703913Z app=sampleCborFilter source=sdk.go:454 version=0.0.0 msg="Skipping core service version compatibility check for SDK Beta version or running in debugger"
level=INFO ts=2020-01-13T20:21:28.086089248Z app=sampleCborFilter source=sdk.go:382 msg="Clients initialized"
level=INFO ts=2020-01-13T20:21:28.089407165Z app=sampleCborFilter source=server.go:183 msg="Registering standard routes..."
level=INFO ts=2020-01-13T20:21:28.089493728Z app=sampleCborFilter source=telemetry.go:79 msg="Starting CPU Usage Average loop"
level=INFO ts=2020-01-13T20:21:28.09321333Z app=sampleCborFilter source=main.go:70 msg="Filtering for [Image] value descriptors..."
level=INFO ts=2020-01-13T20:21:28.100211389Z app=sampleCborFilter source=sdk.go:508 msg="MessageBus trigger selected"
level=INFO ts=2020-01-13T20:21:28.103679302Z app=sampleCborFilter source=messaging.go:46 msg="Initializing Message Bus Trigger. Subscribing to topic: events on port 5563 , Publish Topic: somewhere on port 5564"
level=INFO ts=2020-01-13T20:21:28.107832531Z app=sampleCborFilter source=sdk.go:154 msg="StoreAndForward disabled. Not running retry loop."
level=INFO ts=2020-01-13T20:21:28.111323113Z app=sampleCborFilter source=sdk.go:157 msg="Simple CBOR Filter Application Service started"
level=INFO ts=2020-01-13T20:21:28.114887946Z app=sampleCborFilter source=server.go:232 msg="Starting HTTP Server on port :48095"
level=INFO ts=2020-01-13T20:23:06.869777411Z app=sampleCborFilter source=sdk.go:170 msg="Terminating: interrupt"
level=INFO ts=2020-01-13T20:23:06.879104336Z app=sampleCborFilter source=telemetry.go:84 msg="Exiting CPU Usage Average loop"
level=INFO ts=2020-01-13T20:25:14.458024761Z app=sampleCborFilter source=sdk.go:357 msg="Logger successfully initialized"
level=INFO ts=2020-01-13T20:25:14.467278873Z app=sampleCborFilter source=sdk.go:454 version=0.0.0 msg="Skipping core service version compatibility check for SDK Beta version or running in debugger"
level=INFO ts=2020-01-13T20:25:14.470718514Z app=sampleCborFilter source=sdk.go:382 msg="Clients initialized"
level=INFO ts=2020-01-13T20:25:14.474088078Z app=sampleCborFilter source=server.go:183 msg="Registering standard routes..."
level=INFO ts=2020-01-13T20:25:14.474226726Z app=sampleCborFilter source=telemetry.go:79 msg="Starting CPU Usage Average loop"
level=INFO ts=2020-01-13T20:25:14.477712963Z app=sampleCborFilter source=main.go:70 msg="Filtering for [Image] value descriptors..."
level=INFO ts=2020-01-13T20:25:14.484899587Z app=sampleCborFilter source=sdk.go:508 msg="MessageBus trigger selected"
level=INFO ts=2020-01-13T20:25:14.488308189Z app=sampleCborFilter source=messaging.go:46 msg="Initializing Message Bus Trigger. Subscribing to topic: events on port 5563 , Publish Topic: somewhere on port 5564"
level=INFO ts=2020-01-13T20:25:14.49252096Z app=sampleCborFilter source=sdk.go:154 msg="StoreAndForward disabled. Not running retry loop."
level=INFO ts=2020-01-13T20:25:14.496138086Z app=sampleCborFilter source=sdk.go:157 msg="Simple CBOR Filter Application Service started"
level=INFO ts=2020-01-13T20:25:14.49990421Z app=sampleCborFilter source=server.go:232 msg="Starting HTTP Server on port :48095"
level=INFO ts=2020-01-13T20:25:43.278339176Z app=sampleCborFilter source=sdk.go:170 msg="Terminating: interrupt"
level=INFO ts=2020-01-13T20:25:43.287694948Z app=sampleCborFilter source=telemetry.go:84 msg="Exiting CPU Usage Average loop"
level=INFO ts=2020-01-13T20:27:06.63815155Z app=sampleCborFilter source=sdk.go:357 msg="Logger successfully initialized"
level=INFO ts=2020-01-13T20:27:06.647359996Z app=sampleCborFilter source=sdk.go:454 version=0.0.0 msg="Skipping core service version compatibility check for SDK Beta version or running in debugger"
level=INFO ts=2020-01-13T20:27:06.650781383Z app=sampleCborFilter source=sdk.go:382 msg="Clients initialized"
level=INFO ts=2020-01-13T20:27:06.654293466Z app=sampleCborFilter source=server.go:183 msg="Registering standard routes..."
level=INFO ts=2020-01-13T20:27:06.65782676Z app=sampleCborFilter source=main.go:70 msg="Filtering for [Image] value descriptors..."
level=INFO ts=2020-01-13T20:27:06.654491404Z app=sampleCborFilter source=telemetry.go:79 msg="Starting CPU Usage Average loop"
level=INFO ts=2020-01-13T20:27:06.664072385Z app=sampleCborFilter source=sdk.go:508 msg="MessageBus trigger selected"
level=INFO ts=2020-01-13T20:27:06.671036541Z app=sampleCborFilter source=messaging.go:46 msg="Initializing Message Bus Trigger. Subscribing to topic: events on port 5563 , Publish Topic: somewhere on port 5564"
level=INFO ts=2020-01-13T20:27:06.674633628Z app=sampleCborFilter source=sdk.go:154 msg="StoreAndForward disabled. Not running retry loop."
level=INFO ts=2020-01-13T20:27:06.678123991Z app=sampleCborFilter source=sdk.go:157 msg="Simple CBOR Filter Application Service started"
level=INFO ts=2020-01-13T20:27:06.681699452Z app=sampleCborFilter source=server.go:232 msg="Starting HTTP Server on port :48095"
level=INFO ts=2020-01-13T20:28:17.549303976Z app=sampleCborFilter source=sdk.go:170 msg="Terminating: interrupt"
level=INFO ts=2020-01-13T20:28:17.558908521Z app=sampleCborFilter source=telemetry.go:84 msg="Exiting CPU Usage Average loop"
level=INFO ts=2020-01-13T20:29:21.354015789Z app=sampleCborFilter source=sdk.go:357 msg="Logger successfully initialized"
level=INFO ts=2020-01-13T20:29:21.363084207Z app=sampleCborFilter source=sdk.go:454 version=0.0.0 msg="Skipping core service version compatibility check for SDK Beta version or running in debugger"
level=INFO ts=2020-01-13T20:29:21.36673885Z app=sampleCborFilter source=sdk.go:382 msg="Clients initialized"
level=INFO ts=2020-01-13T20:29:21.370056597Z app=sampleCborFilter source=server.go:183 msg="Registering standard routes..."
level=INFO ts=2020-01-13T20:29:21.373476452Z app=sampleCborFilter source=main.go:70 msg="Filtering for [Image] value descriptors..."
level=INFO ts=2020-01-13T20:29:21.370165212Z app=sampleCborFilter source=telemetry.go:79 msg="Starting CPU Usage Average loop"
level=INFO ts=2020-01-13T20:29:21.377138792Z app=sampleCborFilter source=sdk.go:508 msg="MessageBus trigger selected"
level=INFO ts=2020-01-13T20:29:21.383851736Z app=sampleCborFilter source=messaging.go:46 msg="Initializing Message Bus Trigger. Subscribing to topic: events on port 5563 , Publish Topic: somewhere on port 5564"
level=INFO ts=2020-01-13T20:29:21.387557249Z app=sampleCborFilter source=sdk.go:154 msg="StoreAndForward disabled. Not running retry loop."
level=INFO ts=2020-01-13T20:29:21.390933026Z app=sampleCborFilter source=sdk.go:157 msg="Simple CBOR Filter Application Service started"
level=INFO ts=2020-01-13T20:29:21.394252357Z app=sampleCborFilter source=server.go:232 msg="Starting HTTP Server on port :48095"
level=INFO ts=2020-01-13T20:32:30.232459394Z app=sampleCborFilter source=sdk.go:170 msg="Terminating: interrupt"
level=INFO ts=2020-01-13T20:32:30.242016867Z app=sampleCborFilter source=telemetry.go:84 msg="Exiting CPU Usage Average loop"
level=INFO ts=2020-01-13T20:46:29.307835098Z app=sampleCborFilter source=sdk.go:357 msg="Logger successfully initialized"
level=INFO ts=2020-01-13T20:46:29.317769242Z app=sampleCborFilter source=sdk.go:454 version=0.0.0 msg="Skipping core service version compatibility check for SDK Beta version or running in debugger"
level=INFO ts=2020-01-13T20:46:29.321108174Z app=sampleCborFilter source=sdk.go:382 msg="Clients initialized"
level=INFO ts=2020-01-13T20:46:29.324365644Z app=sampleCborFilter source=server.go:183 msg="Registering standard routes..."
level=INFO ts=2020-01-13T20:46:29.324511324Z app=sampleCborFilter source=telemetry.go:79 msg="Starting CPU Usage Average loop"
level=INFO ts=2020-01-13T20:46:29.327955032Z app=sampleCborFilter source=main.go:70 msg="Filtering for [Image] value descriptors..."
level=INFO ts=2020-01-13T20:46:29.334746852Z app=sampleCborFilter source=sdk.go:508 msg="MessageBus trigger selected"
level=INFO ts=2020-01-13T20:46:29.338138745Z app=sampleCborFilter source=messaging.go:46 msg="Initializing Message Bus Trigger. Subscribing to topic: events on port 5563 , Publish Topic: somewhere on port 5564"
level=INFO ts=2020-01-13T20:46:29.342295696Z app=sampleCborFilter source=sdk.go:154 msg="StoreAndForward disabled. Not running retry loop."
level=INFO ts=2020-01-13T20:46:29.346017487Z app=sampleCborFilter source=sdk.go:157 msg="Simple CBOR Filter Application Service started"
level=INFO ts=2020-01-13T20:46:29.349691031Z app=sampleCborFilter source=server.go:232 msg="Starting HTTP Server on port :48095"
level=INFO ts=2020-01-13T20:47:36.011440383Z app=sampleCborFilter source=sdk.go:170 msg="Terminating: interrupt"
level=INFO ts=2020-01-13T20:47:36.020928294Z app=sampleCborFilter source=telemetry.go:84 msg="Exiting CPU Usage Average loop"
level=INFO ts=2020-01-22T18:32:21.926464988Z app=sampleCborFilter source=sdk.go:357 msg="Logger successfully initialized"
level=INFO ts=2020-01-22T18:32:21.931493868Z app=sampleCborFilter source=sdk.go:454 version=0.0.0 msg="Skipping core service version compatibility check for SDK Beta version or running in debugger"
level=INFO ts=2020-01-22T18:32:21.935013332Z app=sampleCborFilter source=sdk.go:382 msg="Clients initialized"
level=INFO ts=2020-01-22T18:32:21.939016804Z app=sampleCborFilter source=server.go:183 msg="Registering standard routes..."
level=INFO ts=2020-01-22T18:32:21.939108241Z app=sampleCborFilter source=telemetry.go:79 msg="Starting CPU Usage Average loop"
level=INFO ts=2020-01-22T18:32:21.942949362Z app=sampleCborFilter source=main.go:70 msg="Filtering for [Image] value descriptors..."
level=INFO ts=2020-01-22T18:32:21.950349826Z app=sampleCborFilter source=sdk.go:508 msg="MessageBus trigger selected"
level=INFO ts=2020-01-22T18:32:21.954232115Z app=sampleCborFilter source=messaging.go:46 msg="Initializing Message Bus Trigger. Subscribing to topic: events on port 5563 , Publish Topic: somewhere on port 5564"
level=INFO ts=2020-01-22T18:32:21.958471527Z app=sampleCborFilter source=sdk.go:154 msg="StoreAndForward disabled. Not running retry loop."
level=INFO ts=2020-01-22T18:32:21.962113801Z app=sampleCborFilter source=sdk.go:157 msg="Simple CBOR Filter Application Service started"
level=INFO ts=2020-01-22T18:32:21.966205533Z app=sampleCborFilter source=server.go:232 msg="Starting HTTP Server on port :48095"
level=ERROR ts=2020-01-22T18:32:41.554348551Z app=sampleCborFilter source=runtime.go:175 error="unable to decode image: invalid JPEG format: bad Huffman code" correlation-id=9a917fc2-e959-4c62-b4bd-8b602bc7d3d7 msg="Pipeline function #1 resulted in error"
level=ERROR ts=2020-01-22T18:33:12.073540234Z app=sampleCborFilter source=runtime.go:175 error="unable to decode image: invalid JPEG format: bad Huffman code" correlation-id=05f9e2ee-bf42-40fe-a35e-88ee2c153f0f msg="Pipeline function #1 resulted in error"
level=ERROR ts=2020-01-22T18:33:43.434083413Z app=sampleCborFilter source=runtime.go:175 error="unable to decode image: invalid JPEG format: missing 0xff00 sequence" correlation-id=ae249bce-0d07-4e4c-be86-c709a876b671 msg="Pipeline function #1 resulted in error"
level=INFO ts=2020-01-22T18:34:51.018688193Z app=sampleCborFilter source=sdk.go:170 msg="Terminating: interrupt"
level=INFO ts=2020-01-22T18:34:51.027814959Z app=sampleCborFilter source=telemetry.go:84 msg="Exiting CPU Usage Average loop"
level=INFO ts=2020-01-22T18:36:43.558014481Z app=sampleCborFilter source=sdk.go:357 msg="Logger successfully initialized"
level=INFO ts=2020-01-22T18:36:43.567224495Z app=sampleCborFilter source=sdk.go:454 version=0.0.0 msg="Skipping core service version compatibility check for SDK Beta version or running in debugger"
level=INFO ts=2020-01-22T18:36:43.57080061Z app=sampleCborFilter source=sdk.go:382 msg="Clients initialized"
level=INFO ts=2020-01-22T18:36:43.574088287Z app=sampleCborFilter source=server.go:183 msg="Registering standard routes..."
level=INFO ts=2020-01-22T18:36:43.574209807Z app=sampleCborFilter source=telemetry.go:79 msg="Starting CPU Usage Average loop"
level=INFO ts=2020-01-22T18:36:43.577498834Z app=sampleCborFilter source=main.go:70 msg="Filtering for [Image] value descriptors..."
level=INFO ts=2020-01-22T18:36:43.584425977Z app=sampleCborFilter source=sdk.go:508 msg="MessageBus trigger selected"
level=INFO ts=2020-01-22T18:36:43.587725657Z app=sampleCborFilter source=messaging.go:46 msg="Initializing Message Bus Trigger. Subscribing to topic: events on port 5563 , Publish Topic: somewhere on port 5564"
level=INFO ts=2020-01-22T18:36:43.591165974Z app=sampleCborFilter source=sdk.go:154 msg="StoreAndForward disabled. Not running retry loop."
level=INFO ts=2020-01-22T18:36:43.594487011Z app=sampleCborFilter source=sdk.go:157 msg="Simple CBOR Filter Application Service started"
level=INFO ts=2020-01-22T18:36:43.597973792Z app=sampleCborFilter source=server.go:232 msg="Starting HTTP Server on port :48095"
level=ERROR ts=2020-01-22T18:37:06.990094331Z app=sampleCborFilter source=runtime.go:175 error="unable to decode image: png: invalid format: invalid checksum" correlation-id=534123a2-7c9d-4e51-b1b5-b05226824779 msg="Pipeline function #1 resulted in error"
level=ERROR ts=2020-01-22T18:37:38.617805744Z app=sampleCborFilter source=runtime.go:175 error="unable to decode image: flate: corrupt input before offset 14444" correlation-id=f6e73f28-1bb7-4943-887a-029aaeb43b82 msg="Pipeline function #1 resulted in error"
level=ERROR ts=2020-01-22T18:38:10.359798165Z app=sampleCborFilter source=runtime.go:175 error="unable to decode image: png: invalid format: invalid checksum" correlation-id=33a02794-d511-4d57-97c7-b5b7910a7b8f msg="Pipeline function #1 resulted in error"
level=ERROR ts=2020-01-22T18:38:41.896566095Z app=sampleCborFilter source=runtime.go:175 error="unable to decode image: png: invalid format: bad filter type" correlation-id=7eee7dc7-b075-4eea-98ec-745d4f78e7b5 msg="Pipeline function #1 resulted in error"
level=ERROR ts=2020-01-22T18:40:34.787632389Z app=sampleCborFilter source=runtime.go:175 error="unable to decode image: image: unknown format" correlation-id=d97dc984-b283-41de-919d-a4ed0774b9f4 msg="Pipeline function #1 resulted in error"
level=INFO ts=2020-01-22T18:44:16.354248392Z app=sampleCborFilter source=sdk.go:170 msg="Terminating: interrupt"
level=INFO ts=2020-01-22T18:44:16.364049475Z app=sampleCborFilter source=telemetry.go:84 msg="Exiting CPU Usage Average loop"
level=INFO ts=2020-02-18T17:00:29.147246332Z app=sampleCborFilter source=sdk.go:357 msg="Logger successfully initialized"
level=INFO ts=2020-02-18T17:00:29.150915144Z app=sampleCborFilter source=sdk.go:454 version=0.0.0 msg="Skipping core service version compatibility check for SDK Beta version or running in debugger"
level=INFO ts=2020-02-18T17:00:29.154559328Z app=sampleCborFilter source=sdk.go:382 msg="Clients initialized"
level=INFO ts=2020-02-18T17:00:29.158211452Z app=sampleCborFilter source=server.go:183 msg="Registering standard routes..."
level=INFO ts=2020-02-18T17:00:29.158323251Z app=sampleCborFilter source=telemetry.go:79 msg="Starting CPU Usage Average loop"
level=INFO ts=2020-02-18T17:00:29.1615509Z app=sampleCborFilter source=main.go:71 msg="Filtering for [Image] value descriptors..."
level=INFO ts=2020-02-18T17:00:29.168301125Z app=sampleCborFilter source=sdk.go:508 msg="MessageBus trigger selected"
level=INFO ts=2020-02-18T17:00:29.171733135Z app=sampleCborFilter source=messaging.go:46 msg="Initializing Message Bus Trigger. Subscribing to topic: events on port 5563 , Publish Topic: somewhere on port 5564"
level=INFO ts=2020-02-18T17:00:29.175379285Z app=sampleCborFilter source=sdk.go:154 msg="StoreAndForward disabled. Not running retry loop."
level=INFO ts=2020-02-18T17:00:29.178769709Z app=sampleCborFilter source=sdk.go:157 msg="Simple CBOR Filter Application Service started"
level=INFO ts=2020-02-18T17:00:29.182457884Z app=sampleCborFilter source=server.go:232 msg="Starting HTTP Server on port :48095"
level=INFO ts=2020-02-18T17:02:55.460505626Z app=sampleCborFilter source=sdk.go:170 msg="Terminating: interrupt"
level=INFO ts=2020-02-18T17:02:55.466074473Z app=sampleCborFilter source=telemetry.go:84 msg="Exiting CPU Usage Average loop"
level=INFO ts=2020-02-18T17:05:05.535717019Z app=sampleCborFilter source=sdk.go:357 msg="Logger successfully initialized"
level=INFO ts=2020-02-18T17:05:05.545235353Z app=sampleCborFilter source=sdk.go:454 version=0.0.0 msg="Skipping core service version compatibility check for SDK Beta version or running in debugger"
level=INFO ts=2020-02-18T17:05:05.548622221Z app=sampleCborFilter source=sdk.go:382 msg="Clients initialized"
level=INFO ts=2020-02-18T17:05:05.552355917Z app=sampleCborFilter source=server.go:183 msg="Registering standard routes..."
level=INFO ts=2020-02-18T17:05:05.555886961Z app=sampleCborFilter source=main.go:71 msg="Filtering for [Image] value descriptors..."
level=INFO ts=2020-02-18T17:05:05.552469121Z app=sampleCborFilter source=telemetry.go:79 msg="Starting CPU Usage Average loop"
level=INFO ts=2020-02-18T17:05:05.559452881Z app=sampleCborFilter source=sdk.go:508 msg="MessageBus trigger selected"
level=INFO ts=2020-02-18T17:05:05.566441611Z app=sampleCborFilter source=messaging.go:46 msg="Initializing Message Bus Trigger. Subscribing to topic: events on port 5563 , Publish Topic: somewhere on port 5564"
level=INFO ts=2020-02-18T17:05:05.570676326Z app=sampleCborFilter source=sdk.go:154 msg="StoreAndForward disabled. Not running retry loop."
level=INFO ts=2020-02-18T17:05:05.574132421Z app=sampleCborFilter source=sdk.go:157 msg="Simple CBOR Filter Application Service started"
level=INFO ts=2020-02-18T17:05:05.577974146Z app=sampleCborFilter source=server.go:232 msg="Starting HTTP Server on port :48095"
level=INFO ts=2020-02-18T17:06:12.664103611Z app=sampleCborFilter source=sdk.go:170 msg="Terminating: interrupt"
level=INFO ts=2020-02-18T17:06:12.673958137Z app=sampleCborFilter source=telemetry.go:84 msg="Exiting CPU Usage Average loop"
level=INFO ts=2020-02-18T17:42:28.56272157Z app=sampleCborFilter source=sdk.go:357 msg="Logger successfully initialized"
level=INFO ts=2020-02-18T17:42:28.56819185Z app=sampleCborFilter source=sdk.go:454 version=0.0.0 msg="Skipping core service version compatibility check for SDK Beta version or running in debugger"
level=INFO ts=2020-02-18T17:42:28.571712734Z app=sampleCborFilter source=sdk.go:382 msg="Clients initialized"
level=INFO ts=2020-02-18T17:42:28.575463368Z app=sampleCborFilter source=server.go:183 msg="Registering standard routes..."
level=INFO ts=2020-02-18T17:42:28.575517165Z app=sampleCborFilter source=telemetry.go:79 msg="Starting CPU Usage Average loop"
level=INFO ts=2020-02-18T17:42:28.578899378Z app=sampleCborFilter source=main.go:68 msg="Filtering for [Image] value descriptors..."
level=INFO ts=2020-02-18T17:42:28.585982079Z app=sampleCborFilter source=sdk.go:508 msg="MessageBus trigger selected"
level=INFO ts=2020-02-18T17:42:28.589630088Z app=sampleCborFilter source=messaging.go:46 msg="Initializing Message Bus Trigger. Subscribing to topic: events on port 5563 , Publish Topic: somewhere on port 5564"
level=INFO ts=2020-02-18T17:42:28.593869988Z app=sampleCborFilter source=sdk.go:154 msg="StoreAndForward disabled. Not running retry loop."
level=INFO ts=2020-02-18T17:42:28.597246718Z app=sampleCborFilter source=sdk.go:157 msg="Simple CBOR Filter Application Service started"
level=INFO ts=2020-02-18T17:42:28.600919967Z app=sampleCborFilter source=server.go:232 msg="Starting HTTP Server on port :48095"
level=INFO ts=2020-02-18T17:45:00.61193558Z app=sampleCborFilter source=sdk.go:170 msg="Terminating: interrupt"
level=INFO ts=2020-02-18T17:45:00.621467416Z app=sampleCborFilter source=telemetry.go:84 msg="Exiting CPU Usage Average loop"
level=INFO ts=2020-02-19T07:28:07.9558717Z app=sampleCborFilter source=sdk.go:357 msg="Logger successfully initialized"
level=INFO ts=2020-02-19T07:28:07.966158711Z app=sampleCborFilter source=sdk.go:454 version=0.0.0 msg="Skipping core service version compatibility check for SDK Beta version or running in debugger"
level=INFO ts=2020-02-19T07:28:07.969826995Z app=sampleCborFilter source=sdk.go:382 msg="Clients initialized"
level=INFO ts=2020-02-19T07:28:07.973182084Z app=sampleCborFilter source=server.go:183 msg="Registering standard routes..."
level=INFO ts=2020-02-19T07:28:07.973379509Z app=sampleCborFilter source=telemetry.go:79 msg="Starting CPU Usage Average loop"
level=INFO ts=2020-02-19T07:28:07.977063445Z app=sampleCborFilter source=main.go:68 msg="Filtering for [Image] value descriptors..."
level=INFO ts=2020-02-19T07:28:07.984749234Z app=sampleCborFilter source=sdk.go:508 msg="MessageBus trigger selected"
level=INFO ts=2020-02-19T07:28:07.989312241Z app=sampleCborFilter source=messaging.go:46 msg="Initializing Message Bus Trigger. Subscribing to topic: events on port 5563 , Publish Topic: somewhere on port 5564"
level=INFO ts=2020-02-19T07:28:07.993700354Z app=sampleCborFilter source=sdk.go:154 msg="StoreAndForward disabled. Not running retry loop."
level=INFO ts=2020-02-19T07:28:07.997422985Z app=sampleCborFilter source=sdk.go:157 msg="Simple CBOR Filter Application Service started"
level=INFO ts=2020-02-19T07:28:08.001442742Z app=sampleCborFilter source=server.go:232 msg="Starting HTTP Server on port :48095"
level=INFO ts=2020-02-19T08:02:28.211764265Z app=sampleCborFilter source=sdk.go:170 msg="Terminating: interrupt"
level=INFO ts=2020-02-19T08:02:28.221144277Z app=sampleCborFilter source=telemetry.go:84 msg="Exiting CPU Usage Average loop"
level=INFO ts=2020-02-19T08:03:08.484672378Z app=sampleCborFilter source=sdk.go:357 msg="Logger successfully initialized"
level=INFO ts=2020-02-19T08:03:08.494186421Z app=sampleCborFilter source=sdk.go:454 version=0.0.0 msg="Skipping core service version compatibility check for SDK Beta version or running in debugger"
level=INFO ts=2020-02-19T08:03:08.497966158Z app=sampleCborFilter source=sdk.go:382 msg="Clients initialized"
level=INFO ts=2020-02-19T08:03:08.501683607Z app=sampleCborFilter source=server.go:183 msg="Registering standard routes..."
level=INFO ts=2020-02-19T08:03:08.501746319Z app=sampleCborFilter source=telemetry.go:79 msg="Starting CPU Usage Average loop"
level=INFO ts=2020-02-19T08:03:08.504950356Z app=sampleCborFilter source=main.go:68 msg="Filtering for [Image] value descriptors..."
level=INFO ts=2020-02-19T08:03:08.512117334Z app=sampleCborFilter source=sdk.go:508 msg="MessageBus trigger selected"
level=INFO ts=2020-02-19T08:03:08.515685702Z app=sampleCborFilter source=messaging.go:46 msg="Initializing Message Bus Trigger. Subscribing to topic: events on port 5563 , Publish Topic: somewhere on port 5564"
level=INFO ts=2020-02-19T08:03:08.519684268Z app=sampleCborFilter source=sdk.go:154 msg="StoreAndForward disabled. Not running retry loop."
level=INFO ts=2020-02-19T08:03:08.523276884Z app=sampleCborFilter source=sdk.go:157 msg="Simple CBOR Filter Application Service started"
level=INFO ts=2020-02-19T08:03:08.527212401Z app=sampleCborFilter source=server.go:232 msg="Starting HTTP Server on port :48095"
level=INFO ts=2020-02-19T08:06:15.238275767Z app=sampleCborFilter source=sdk.go:170 msg="Terminating: interrupt"
level=INFO ts=2020-02-19T08:06:15.24731475Z app=sampleCborFilter source=telemetry.go:84 msg="Exiting CPU Usage Average loop"
level=INFO ts=2020-02-19T16:57:04.115461626Z app=sampleCborFilter source=sdk.go:357 msg="Logger successfully initialized"
level=INFO ts=2020-02-19T16:57:04.127960552Z app=sampleCborFilter source=sdk.go:454 version=0.0.0 msg="Skipping core service version compatibility check for SDK Beta version or running in debugger"
level=INFO ts=2020-02-19T16:57:04.131849502Z app=sampleCborFilter source=sdk.go:382 msg="Clients initialized"
level=INFO ts=2020-02-19T16:57:04.135397291Z app=sampleCborFilter source=server.go:183 msg="Registering standard routes..."
level=INFO ts=2020-02-19T16:57:04.135517122Z app=sampleCborFilter source=telemetry.go:79 msg="Starting CPU Usage Average loop"
level=INFO ts=2020-02-19T16:57:04.139251373Z app=sampleCborFilter source=main.go:74 msg="Filtering for [Image] value descriptors..."
level=INFO ts=2020-02-19T16:57:04.146432941Z app=sampleCborFilter source=sdk.go:508 msg="MessageBus trigger selected"
level=INFO ts=2020-02-19T16:57:04.149927262Z app=sampleCborFilter source=messaging.go:46 msg="Initializing Message Bus Trigger. Subscribing to topic: events on port 5563 , Publish Topic: somewhere on port 5564"
level=INFO ts=2020-02-19T16:57:04.154378466Z app=sampleCborFilter source=sdk.go:154 msg="StoreAndForward disabled. Not running retry loop."
level=INFO ts=2020-02-19T16:57:04.157940191Z app=sampleCborFilter source=sdk.go:157 msg="Simple CBOR Filter Application Service started"
level=INFO ts=2020-02-19T16:57:04.162013427Z app=sampleCborFilter source=server.go:232 msg="Starting HTTP Server on port :48095"
level=INFO ts=2020-02-19T16:57:18.579828413Z app=sampleCborFilter source=sdk.go:357 msg="Logger successfully initialized"
level=INFO ts=2020-02-19T16:57:18.589238291Z app=sampleCborFilter source=sdk.go:454 version=0.0.0 msg="Skipping core service version compatibility check for SDK Beta version or running in debugger"
level=INFO ts=2020-02-19T16:57:18.592626482Z app=sampleCborFilter source=sdk.go:382 msg="Clients initialized"
level=INFO ts=2020-02-19T16:57:18.59593507Z app=sampleCborFilter source=server.go:183 msg="Registering standard routes..."
level=INFO ts=2020-02-19T16:57:18.596000959Z app=sampleCborFilter source=telemetry.go:79 msg="Starting CPU Usage Average loop"
level=INFO ts=2020-02-19T16:57:18.599385472Z app=sampleCborFilter source=main.go:74 msg="Filtering for [Image] value descriptors..."
level=INFO ts=2020-02-19T16:57:18.60624526Z app=sampleCborFilter source=sdk.go:508 msg="MessageBus trigger selected"
level=INFO ts=2020-02-19T16:57:18.609659621Z app=sampleCborFilter source=messaging.go:46 msg="Initializing Message Bus Trigger. Subscribing to topic: events on port 5563 , Publish Topic: somewhere on port 5564"
level=INFO ts=2020-02-19T16:57:18.614240316Z app=sampleCborFilter source=sdk.go:154 msg="StoreAndForward disabled. Not running retry loop."
level=INFO ts=2020-02-19T16:57:18.617819121Z app=sampleCborFilter source=sdk.go:157 msg="Simple CBOR Filter Application Service started"
level=INFO ts=2020-02-19T16:57:18.62134591Z app=sampleCborFilter source=server.go:232 msg="Starting HTTP Server on port :48095"
level=INFO ts=2020-02-19T16:59:10.598009771Z app=sampleCborFilter source=sdk.go:357 msg="Logger successfully initialized"
level=INFO ts=2020-02-19T16:59:10.607182038Z app=sampleCborFilter source=sdk.go:454 version=0.0.0 msg="Skipping core service version compatibility check for SDK Beta version or running in debugger"
level=INFO ts=2020-02-19T16:59:10.610964551Z app=sampleCborFilter source=sdk.go:382 msg="Clients initialized"
level=INFO ts=2020-02-19T16:59:10.614836514Z app=sampleCborFilter source=server.go:183 msg="Registering standard routes..."
level=INFO ts=2020-02-19T16:59:10.614926598Z app=sampleCborFilter source=telemetry.go:79 msg="Starting CPU Usage Average loop"
level=INFO ts=2020-02-19T16:59:10.618735281Z app=sampleCborFilter source=main.go:75 msg="Filtering for [Image] value descriptors..."
level=INFO ts=2020-02-19T16:59:10.625750258Z app=sampleCborFilter source=sdk.go:508 msg="MessageBus trigger selected"
level=INFO ts=2020-02-19T16:59:10.629651005Z app=sampleCborFilter source=messaging.go:46 msg="Initializing Message Bus Trigger. Subscribing to topic: events on port 5563 , Publish Topic: somewhere on port 5564"
level=INFO ts=2020-02-19T16:59:10.633800366Z app=sampleCborFilter source=sdk.go:154 msg="StoreAndForward disabled. Not running retry loop."
level=INFO ts=2020-02-19T16:59:10.637580839Z app=sampleCborFilter source=sdk.go:157 msg="Simple CBOR Filter Application Service started"
level=INFO ts=2020-02-19T16:59:10.641904457Z app=sampleCborFilter source=server.go:232 msg="Starting HTTP Server on port :48095"
level=INFO ts=2020-02-19T16:59:34.615616003Z app=sampleCborFilter source=sdk.go:170 msg="Terminating: interrupt"
level=INFO ts=2020-02-19T16:59:34.624975876Z app=sampleCborFilter source=telemetry.go:84 msg="Exiting CPU Usage Average loop"
level=INFO ts=2020-02-19T17:00:15.796327137Z app=sampleCborFilter source=sdk.go:357 msg="Logger successfully initialized"
level=INFO ts=2020-02-19T17:00:15.801591443Z app=sampleCborFilter source=sdk.go:454 version=0.0.0 msg="Skipping core service version compatibility check for SDK Beta version or running in debugger"
level=INFO ts=2020-02-19T17:00:15.805240107Z app=sampleCborFilter source=sdk.go:382 msg="Clients initialized"
level=INFO ts=2020-02-19T17:00:15.808833554Z app=sampleCborFilter source=server.go:183 msg="Registering standard routes..."
level=INFO ts=2020-02-19T17:00:15.808895454Z app=sampleCborFilter source=telemetry.go:79 msg="Starting CPU Usage Average loop"
level=INFO ts=2020-02-19T17:00:15.812546851Z app=sampleCborFilter source=main.go:75 msg="Filtering for [Image] value descriptors..."
level=INFO ts=2020-02-19T17:00:15.820053874Z app=sampleCborFilter source=sdk.go:508 msg="MessageBus trigger selected"
level=INFO ts=2020-02-19T17:00:15.823802777Z app=sampleCborFilter source=messaging.go:46 msg="Initializing Message Bus Trigger. Subscribing to topic: events on port 5563 , Publish Topic: somewhere on port 5564"
level=INFO ts=2020-02-19T17:00:15.827762502Z app=sampleCborFilter source=sdk.go:154 msg="StoreAndForward disabled. Not running retry loop."
level=INFO ts=2020-02-19T17:00:15.831075514Z app=sampleCborFilter source=sdk.go:157 msg="Simple CBOR Filter Application Service started"
level=INFO ts=2020-02-19T17:00:15.834904942Z app=sampleCborFilter source=server.go:232 msg="Starting HTTP Server on port :48095"
level=INFO ts=2020-02-19T17:00:50.471021112Z app=sampleCborFilter source=sdk.go:170 msg="Terminating: interrupt"
level=INFO ts=2020-02-19T17:00:50.480294991Z app=sampleCborFilter source=telemetry.go:84 msg="Exiting CPU Usage Average loop"
level=INFO ts=2020-02-19T17:18:29.885618668Z app=sampleCborFilter source=sdk.go:357 msg="Logger successfully initialized"
level=INFO ts=2020-02-19T17:18:29.895103941Z app=sampleCborFilter source=sdk.go:454 version=0.0.0 msg="Skipping core service version compatibility check for SDK Beta version or running in debugger"
level=INFO ts=2020-02-19T17:18:29.89888243Z app=sampleCborFilter source=sdk.go:382 msg="Clients initialized"
level=INFO ts=2020-02-19T17:18:29.902162621Z app=sampleCborFilter source=server.go:183 msg="Registering standard routes..."
level=INFO ts=2020-02-19T17:18:29.902278031Z app=sampleCborFilter source=telemetry.go:79 msg="Starting CPU Usage Average loop"
level=INFO ts=2020-02-19T17:18:29.905872963Z app=sampleCborFilter source=main.go:75 msg="Filtering for [Image] value descriptors..."
level=INFO ts=2020-02-19T17:18:29.916151755Z app=sampleCborFilter source=sdk.go:508 msg="MessageBus trigger selected"
level=INFO ts=2020-02-19T17:18:29.919600832Z app=sampleCborFilter source=messaging.go:46 msg="Initializing Message Bus Trigger. Subscribing to topic: events on port 5563 , Publish Topic: somewhere on port 5564"
level=INFO ts=2020-02-19T17:18:29.923394829Z app=sampleCborFilter source=sdk.go:154 msg="StoreAndForward disabled. Not running retry loop."
level=INFO ts=2020-02-19T17:18:29.926720188Z app=sampleCborFilter source=sdk.go:157 msg="Simple CBOR Filter Application Service started"
level=INFO ts=2020-02-19T17:18:29.930353037Z app=sampleCborFilter source=server.go:232 msg="Starting HTTP Server on port :48095"
level=INFO ts=2020-02-19T17:21:18.546114432Z app=sampleCborFilter source=sdk.go:170 msg="Terminating: interrupt"
level=INFO ts=2020-02-19T17:21:18.551876768Z app=sampleCborFilter source=telemetry.go:84 msg="Exiting CPU Usage Average loop"
level=INFO ts=2020-02-26T02:26:30.494082841Z app=image-forwarder source=sdk.go:357 msg="Logger successfully initialized"
level=INFO ts=2020-02-26T02:26:30.503240384Z app=image-forwarder source=sdk.go:454 version=0.0.0 msg="Skipping core service version compatibility check for SDK Beta version or running in debugger"
level=INFO ts=2020-02-26T02:26:30.50633355Z app=image-forwarder source=sdk.go:382 msg="Clients initialized"
level=INFO ts=2020-02-26T02:26:30.50968998Z app=image-forwarder source=server.go:183 msg="Registering standard routes..."
level=INFO ts=2020-02-26T02:26:30.509718733Z app=image-forwarder source=telemetry.go:79 msg="Starting CPU Usage Average loop"
level=INFO ts=2020-02-26T02:26:30.513006376Z app=image-forwarder source=main.go:76 msg="Filtering for [Image] value descriptors..."
level=INFO ts=2020-02-26T02:26:30.519855572Z app=image-forwarder source=sdk.go:508 msg="MessageBus trigger selected"
level=INFO ts=2020-02-26T02:26:30.52320595Z app=image-forwarder source=messaging.go:46 msg="Initializing Message Bus Trigger. Subscribing to topic: events on port 5563 , Publish Topic: somewhere on port 5564"
level=INFO ts=2020-02-26T02:26:30.530332939Z app=image-forwarder source=sdk.go:154 msg="StoreAndForward disabled. Not running retry loop."
level=INFO ts=2020-02-26T02:26:30.533855787Z app=image-forwarder source=sdk.go:157 msg="Simple CBOR Filter Application Service started"
level=INFO ts=2020-02-26T02:26:30.537841722Z app=image-forwarder source=server.go:232 msg="Starting HTTP Server on port :48095"
level=INFO ts=2020-02-26T02:26:50.404099272Z app=image-forwarder source=sdk.go:170 msg="Terminating: interrupt"
level=INFO ts=2020-02-26T02:26:50.410181984Z app=image-forwarder source=telemetry.go:84 msg="Exiting CPU Usage Average loop"
level=INFO ts=2020-02-26T03:17:09.553962402Z app=image-forwarder source=sdk.go:357 msg="Logger successfully initialized"
level=INFO ts=2020-02-26T03:17:09.563190261Z app=image-forwarder source=sdk.go:454 version=0.0.0 msg="Skipping core service version compatibility check for SDK Beta version or running in debugger"
level=INFO ts=2020-02-26T03:17:09.566615053Z app=image-forwarder source=sdk.go:382 msg="Clients initialized"
level=INFO ts=2020-02-26T03:17:09.56997319Z app=image-forwarder source=telemetry.go:79 msg="Starting CPU Usage Average loop"
level=INFO ts=2020-02-26T03:17:09.570022106Z app=image-forwarder source=server.go:183 msg="Registering standard routes..."
level=INFO ts=2020-02-26T03:17:09.577572884Z app=image-forwarder source=main.go:77 msg="Filtering for [Image] value descriptors..."
level=INFO ts=2020-02-26T03:17:09.581142219Z app=image-forwarder source=sdk.go:508 msg="MessageBus trigger selected"
level=INFO ts=2020-02-26T03:17:09.585067962Z app=image-forwarder source=messaging.go:46 msg="Initializing Message Bus Trigger. Subscribing to topic: events on port 5563 , Publish Topic: somewhere on port 5564"
level=INFO ts=2020-02-26T03:17:09.589416164Z app=image-forwarder source=sdk.go:154 msg="StoreAndForward disabled. Not running retry loop."
level=INFO ts=2020-02-26T03:17:09.593094655Z app=image-forwarder source=sdk.go:157 msg="Simple CBOR Filter Application Service started"
level=INFO ts=2020-02-26T03:17:09.597221515Z app=image-forwarder source=server.go:232 msg="Starting HTTP Server on port :48095"
level=INFO ts=2020-02-26T03:24:54.290461581Z app=image-forwarder source=sdk.go:357 msg="Logger successfully initialized"
level=INFO ts=2020-02-26T03:24:54.299495435Z app=image-forwarder source=sdk.go:454 version=0.0.0 msg="Skipping core service version compatibility check for SDK Beta version or running in debugger"
level=INFO ts=2020-02-26T03:24:54.302950361Z app=image-forwarder source=sdk.go:382 msg="Clients initialized"
level=INFO ts=2020-02-26T03:24:54.3062598Z app=image-forwarder source=server.go:183 msg="Registering standard routes..."
level=INFO ts=2020-02-26T03:24:54.306308912Z app=image-forwarder source=telemetry.go:79 msg="Starting CPU Usage Average loop"
level=INFO ts=2020-02-26T03:24:54.309689482Z app=image-forwarder source=main.go:77 msg="Filtering for [Image] value descriptors..."
level=INFO ts=2020-02-26T03:24:54.316994313Z app=image-forwarder source=sdk.go:508 msg="MessageBus trigger selected"
level=INFO ts=2020-02-26T03:24:54.320626077Z app=image-forwarder source=messaging.go:46 msg="Initializing Message Bus Trigger. Subscribing to topic: events on port 5563 , Publish Topic: somewhere on port 5564"
level=INFO ts=2020-02-26T03:24:54.324529795Z app=image-forwarder source=sdk.go:154 msg="StoreAndForward disabled. Not running retry loop."
level=INFO ts=2020-02-26T03:24:54.328112741Z app=image-forwarder source=sdk.go:157 msg="Simple CBOR Filter Application Service started"
level=INFO ts=2020-02-26T03:24:54.331889914Z app=image-forwarder source=server.go:232 msg="Starting HTTP Server on port :48095"
level=INFO ts=2020-02-26T03:28:33.147541696Z app=image-forwarder source=sdk.go:357 msg="Logger successfully initialized"
level=INFO ts=2020-02-26T03:28:33.15660662Z app=image-forwarder source=sdk.go:454 version=0.0.0 msg="Skipping core service version compatibility check for SDK Beta version or running in debugger"
level=INFO ts=2020-02-26T03:28:33.160125999Z app=image-forwarder source=sdk.go:382 msg="Clients initialized"
level=INFO ts=2020-02-26T03:28:33.16348718Z app=image-forwarder source=server.go:183 msg="Registering standard routes..."
level=INFO ts=2020-02-26T03:28:33.163564223Z app=image-forwarder source=telemetry.go:79 msg="Starting CPU Usage Average loop"
level=INFO ts=2020-02-26T03:28:33.167012852Z app=image-forwarder source=main.go:77 msg="Filtering for [Image] value descriptors..."
level=INFO ts=2020-02-26T03:28:33.173823469Z app=image-forwarder source=sdk.go:508 msg="MessageBus trigger selected"
level=INFO ts=2020-02-26T03:28:33.177343979Z app=image-forwarder source=messaging.go:46 msg="Initializing Message Bus Trigger. Subscribing to topic: events on port 5563 , Publish Topic: somewhere on port 5564"
level=INFO ts=2020-02-26T03:28:33.181221986Z app=image-forwarder source=sdk.go:154 msg="StoreAndForward disabled. Not running retry loop."
level=INFO ts=2020-02-26T03:28:33.184668017Z app=image-forwarder source=sdk.go:157 msg="Simple CBOR Filter Application Service started"
level=INFO ts=2020-02-26T03:28:33.188504059Z app=image-forwarder source=server.go:232 msg="Starting HTTP Server on port :48095"
level=INFO ts=2020-02-26T03:30:07.6866867Z app=image-forwarder source=sdk.go:170 msg="Terminating: interrupt"
level=INFO ts=2020-02-26T03:30:07.696334044Z app=image-forwarder source=telemetry.go:84 msg="Exiting CPU Usage Average loop"
level=INFO ts=2020-02-26T05:25:41.92892775Z app=image-forwarder source=sdk.go:357 msg="Logger successfully initialized"
level=INFO ts=2020-02-26T05:25:41.932682561Z app=image-forwarder source=sdk.go:454 version=0.0.0 msg="Skipping core service version compatibility check for SDK Beta version or running in debugger"
level=INFO ts=2020-02-26T05:25:41.936048078Z app=image-forwarder source=sdk.go:382 msg="Clients initialized"
level=INFO ts=2020-02-26T05:25:41.939367845Z app=image-forwarder source=server.go:183 msg="Registering standard routes..."
level=INFO ts=2020-02-26T05:25:41.942617756Z app=image-forwarder source=main.go:76 msg="Filtering for [Image] value descriptors..."
level=INFO ts=2020-02-26T05:25:41.939439029Z app=image-forwarder source=telemetry.go:79 msg="Starting CPU Usage Average loop"
level=INFO ts=2020-02-26T05:25:41.945958541Z app=image-forwarder source=sdk.go:508 msg="MessageBus trigger selected"
level=INFO ts=2020-02-26T05:25:41.953130247Z app=image-forwarder source=messaging.go:46 msg="Initializing Message Bus Trigger. Subscribing to topic: events on port 5563 , Publish Topic: somewhere on port 5564"
level=INFO ts=2020-02-26T05:25:41.957403568Z app=image-forwarder source=sdk.go:154 msg="StoreAndForward disabled. Not running retry loop."
level=INFO ts=2020-02-26T05:25:41.96094534Z app=image-forwarder source=sdk.go:157 msg="Simple CBOR Filter Application Service started"
level=INFO ts=2020-02-26T05:25:41.96469322Z app=image-forwarder source=server.go:232 msg="Starting HTTP Server on port :48095"
level=INFO ts=2020-02-26T05:27:05.844169409Z app=image-forwarder source=sdk.go:170 msg="Terminating: interrupt"
level=INFO ts=2020-02-26T05:27:05.854183753Z app=image-forwarder source=telemetry.go:84 msg="Exiting CPU Usage Average loop"
level=INFO ts=2020-02-26T06:14:06.336892248Z app=image-forwarder source=sdk.go:357 msg="Logger successfully initialized"
level=INFO ts=2020-02-26T06:14:06.342219529Z app=image-forwarder source=sdk.go:454 version=0.0.0 msg="Skipping core service version compatibility check for SDK Beta version or running in debugger"
level=INFO ts=2020-02-26T06:14:06.345542515Z app=image-forwarder source=sdk.go:382 msg="Clients initialized"
level=INFO ts=2020-02-26T06:14:06.349006755Z app=image-forwarder source=server.go:183 msg="Registering standard routes..."
level=INFO ts=2020-02-26T06:14:06.349111182Z app=image-forwarder source=telemetry.go:79 msg="Starting CPU Usage Average loop"
level=INFO ts=2020-02-26T06:14:06.352470457Z app=image-forwarder source=main.go:76 msg="Filtering for [Image] value descriptors..."
level=INFO ts=2020-02-26T06:14:06.35931715Z app=image-forwarder source=sdk.go:508 msg="MessageBus trigger selected"
level=INFO ts=2020-02-26T06:14:06.362838083Z app=image-forwarder source=messaging.go:46 msg="Initializing Message Bus Trigger. Subscribing to topic: events on port 5563 , Publish Topic: somewhere on port 5564"
level=INFO ts=2020-02-26T06:14:06.366586785Z app=image-forwarder source=sdk.go:154 msg="StoreAndForward disabled. Not running retry loop."
level=INFO ts=2020-02-26T06:14:06.370008228Z app=image-forwarder source=sdk.go:157 msg="Simple CBOR Filter Application Service started"
level=INFO ts=2020-02-26T06:14:06.373468504Z app=image-forwarder source=server.go:232 msg="Starting HTTP Server on port :48095"
level=INFO ts=2020-02-26T06:29:36.65813254Z app=image-forwarder source=sdk.go:170 msg="Terminating: interrupt"
level=INFO ts=2020-02-26T06:29:36.667536619Z app=image-forwarder source=telemetry.go:84 msg="Exiting CPU Usage Average loop"
level=INFO ts=2020-02-27T19:04:14.745211734Z app=image-forwarder source=sdk.go:357 msg="Logger successfully initialized"
level=INFO ts=2020-02-27T19:04:14.749039825Z app=image-forwarder source=sdk.go:454 version=0.0.0 msg="Skipping core service version compatibility check for SDK Beta version or running in debugger"
level=INFO ts=2020-02-27T19:04:14.752652375Z app=image-forwarder source=sdk.go:382 msg="Clients initialized"
level=INFO ts=2020-02-27T19:04:14.756153133Z app=image-forwarder source=server.go:183 msg="Registering standard routes..."
level=INFO ts=2020-02-27T19:04:14.756242092Z app=image-forwarder source=telemetry.go:79 msg="Starting CPU Usage Average loop"
level=INFO ts=2020-02-27T19:04:14.759857079Z app=image-forwarder source=main.go:76 msg="Filtering for [Image] value descriptors..."
level=INFO ts=2020-02-27T19:04:14.767209308Z app=image-forwarder source=sdk.go:508 msg="MessageBus trigger selected"
level=INFO ts=2020-02-27T19:04:14.770872803Z app=image-forwarder source=messaging.go:46 msg="Initializing Message Bus Trigger. Subscribing to topic: events on port 5563 , Publish Topic: somewhere on port 5564"
level=INFO ts=2020-02-27T19:04:14.774870533Z app=image-forwarder source=sdk.go:154 msg="StoreAndForward disabled. Not running retry loop."
level=INFO ts=2020-02-27T19:04:14.778671149Z app=image-forwarder source=sdk.go:157 msg="Simple CBOR Filter Application Service started"
level=INFO ts=2020-02-27T19:04:14.782688902Z app=image-forwarder source=server.go:232 msg="Starting HTTP Server on port :48095"
level=INFO ts=2020-02-27T19:15:26.806321918Z app=image-forwarder source=sdk.go:170 msg="Terminating: interrupt"
level=INFO ts=2020-02-27T19:15:26.815801762Z app=image-forwarder source=telemetry.go:84 msg="Exiting CPU Usage Average loop"
level=INFO ts=2020-02-28T03:04:32.837506225Z app=image-forwarder source=sdk.go:357 msg="Logger successfully initialized"
level=INFO ts=2020-02-28T03:04:32.846780103Z app=image-forwarder source=sdk.go:454 version=0.0.0 msg="Skipping core service version compatibility check for SDK Beta version or running in debugger"
level=INFO ts=2020-02-28T03:04:32.85034905Z app=image-forwarder source=sdk.go:382 msg="Clients initialized"
level=INFO ts=2020-02-28T03:04:32.853800972Z app=image-forwarder source=server.go:183 msg="Registering standard routes..."
level=INFO ts=2020-02-28T03:04:32.857263699Z app=image-forwarder source=main.go:76 msg="Filtering for [Image] value descriptors..."
level=INFO ts=2020-02-28T03:04:32.853925767Z app=image-forwarder source=telemetry.go:79 msg="Starting CPU Usage Average loop"
level=INFO ts=2020-02-28T03:04:32.860761047Z app=image-forwarder source=sdk.go:508 msg="MessageBus trigger selected"
level=INFO ts=2020-02-28T03:04:32.867835001Z app=image-forwarder source=messaging.go:46 msg="Initializing Message Bus Trigger. Subscribing to topic: events on port 5563 , Publish Topic: somewhere on port 5564"
level=INFO ts=2020-02-28T03:04:32.871622268Z app=image-forwarder source=sdk.go:154 msg="StoreAndForward disabled. Not running retry loop."
level=INFO ts=2020-02-28T03:04:32.875079936Z app=image-forwarder source=sdk.go:157 msg="Simple CBOR Filter Application Service started"
level=INFO ts=2020-02-28T03:04:32.878548406Z app=image-forwarder source=server.go:232 msg="Starting HTTP Server on port :48095"
level=INFO ts=2020-02-28T03:04:53.956228826Z app=image-forwarder source=sdk.go:357 msg="Logger successfully initialized"
level=INFO ts=2020-02-28T03:04:53.96520442Z app=image-forwarder source=sdk.go:454 version=0.0.0 msg="Skipping core service version compatibility check for SDK Beta version or running in debugger"
level=INFO ts=2020-02-28T03:04:53.96867913Z app=image-forwarder source=sdk.go:382 msg="Clients initialized"
level=INFO ts=2020-02-28T03:04:53.971895311Z app=image-forwarder source=server.go:183 msg="Registering standard routes..."
level=INFO ts=2020-02-28T03:04:53.972003914Z app=image-forwarder source=telemetry.go:79 msg="Starting CPU Usage Average loop"
level=INFO ts=2020-02-28T03:04:53.97526703Z app=image-forwarder source=main.go:76 msg="Filtering for [Image] value descriptors..."
level=INFO ts=2020-02-28T03:04:53.981934183Z app=image-forwarder source=sdk.go:508 msg="MessageBus trigger selected"
level=INFO ts=2020-02-28T03:04:53.989805607Z app=image-forwarder source=messaging.go:46 msg="Initializing Message Bus Trigger. Subscribing to topic: events on port 5563 , Publish Topic: somewhere on port 5564"
level=INFO ts=2020-02-28T03:04:53.994184647Z app=image-forwarder source=sdk.go:154 msg="StoreAndForward disabled. Not running retry loop."
level=INFO ts=2020-02-28T03:04:53.99813496Z app=image-forwarder source=sdk.go:157 msg="Simple CBOR Filter Application Service started"
level=INFO ts=2020-02-28T03:04:54.001819071Z app=image-forwarder source=server.go:232 msg="Starting HTTP Server on port :48095"
level=INFO ts=2020-03-04T01:18:24.419112175Z app=image-forwarder source=sdk.go:357 msg="Logger successfully initialized"
level=INFO ts=2020-03-04T01:18:24.422672529Z app=image-forwarder source=sdk.go:454 version=0.0.0 msg="Skipping core service version compatibility check for SDK Beta version or running in debugger"
level=INFO ts=2020-03-04T01:18:24.426443252Z app=image-forwarder source=sdk.go:382 msg="Clients initialized"
level=INFO ts=2020-03-04T01:18:24.429907991Z app=image-forwarder source=server.go:183 msg="Registering standard routes..."
level=INFO ts=2020-03-04T01:18:24.43004549Z app=image-forwarder source=telemetry.go:79 msg="Starting CPU Usage Average loop"
level=INFO ts=2020-03-04T01:18:24.433561839Z app=image-forwarder source=main.go:76 msg="Filtering for [Image] value descriptors..."
level=INFO ts=2020-03-04T01:18:24.44063581Z app=image-forwarder source=sdk.go:508 msg="MessageBus trigger selected"
level=INFO ts=2020-03-04T01:18:24.44404703Z app=image-forwarder source=messaging.go:46 msg="Initializing Message Bus Trigger. Subscribing to topic: events on port 5563 , Publish Topic: somewhere on port 5564"
level=INFO ts=2020-03-04T01:18:24.44771609Z app=image-forwarder source=sdk.go:154 msg="StoreAndForward disabled. Not running retry loop."
level=INFO ts=2020-03-04T01:18:24.451164259Z app=image-forwarder source=sdk.go:157 msg="Face-detection Application Service started"
level=INFO ts=2020-03-04T01:18:24.45456237Z app=image-forwarder source=server.go:232 msg="Starting HTTP Server on port :48095"
level=INFO ts=2020-03-04T01:26:03.726922519Z app=image-forwarder source=sdk.go:357 msg="Logger successfully initialized"
level=INFO ts=2020-03-04T01:26:03.732599981Z app=image-forwarder source=sdk.go:454 version=0.0.0 msg="Skipping core service version compatibility check for SDK Beta version or running in debugger"
level=INFO ts=2020-03-04T01:26:03.736400256Z app=image-forwarder source=sdk.go:382 msg="Clients initialized"
level=INFO ts=2020-03-04T01:26:03.739968748Z app=image-forwarder source=server.go:183 msg="Registering standard routes..."
level=INFO ts=2020-03-04T01:26:03.740084133Z app=image-forwarder source=telemetry.go:79 msg="Starting CPU Usage Average loop"
level=INFO ts=2020-03-04T01:26:03.743672091Z app=image-forwarder source=main.go:76 msg="Filtering for [Image] value descriptors..."
level=INFO ts=2020-03-04T01:26:03.750977021Z app=image-forwarder source=sdk.go:508 msg="MessageBus trigger selected"
level=INFO ts=2020-03-04T01:26:03.754614801Z app=image-forwarder source=messaging.go:46 msg="Initializing Message Bus Trigger. Subscribing to topic: events on port 5563 , Publish Topic: somewhere on port 5564"
level=INFO ts=2020-03-04T01:26:03.758445661Z app=image-forwarder source=sdk.go:154 msg="StoreAndForward disabled. Not running retry loop."
level=INFO ts=2020-03-04T01:26:03.761640684Z app=image-forwarder source=sdk.go:157 msg="Face-detection Application Service started"
level=INFO ts=2020-03-04T01:26:03.765129796Z app=image-forwarder source=server.go:232 msg="Starting HTTP Server on port :48095"
level=INFO ts=2020-03-04T16:56:04.247290809Z app=image-forwarder source=sdk.go:357 msg="Logger successfully initialized"
level=INFO ts=2020-03-04T16:56:04.254723928Z app=image-forwarder source=sdk.go:454 version=0.0.0 msg="Skipping core service version compatibility check for SDK Beta version or running in debugger"
level=INFO ts=2020-03-04T16:56:04.25843739Z app=image-forwarder source=sdk.go:382 msg="Clients initialized"
level=INFO ts=2020-03-04T16:56:04.261985904Z app=image-forwarder source=server.go:183 msg="Registering standard routes..."
level=INFO ts=2020-03-04T16:56:04.262194642Z app=image-forwarder source=telemetry.go:79 msg="Starting CPU Usage Average loop"
level=INFO ts=2020-03-04T16:56:04.26621345Z app=image-forwarder source=main.go:76 msg="Filtering for [Image] value descriptors..."
level=INFO ts=2020-03-04T16:56:04.272834986Z app=image-forwarder source=sdk.go:508 msg="MessageBus trigger selected"
level=INFO ts=2020-03-04T16:56:04.276477826Z app=image-forwarder source=messaging.go:46 msg="Initializing Message Bus Trigger. Subscribing to topic: events on port 5563 , Publish Topic: somewhere on port 5564"
level=INFO ts=2020-03-04T16:56:04.280706725Z app=image-forwarder source=sdk.go:154 msg="StoreAndForward disabled. Not running retry loop."
level=INFO ts=2020-03-04T16:56:04.284562901Z app=image-forwarder source=sdk.go:157 msg="Face-detection Application Service started"
level=INFO ts=2020-03-04T16:56:04.28907284Z app=image-forwarder source=server.go:232 msg="Starting HTTP Server on port :48095"
level=INFO ts=2020-03-04T17:04:11.275019164Z app=image-forwarder source=sdk.go:357 msg="Logger successfully initialized"
level=INFO ts=2020-03-04T17:04:11.27870189Z app=image-forwarder source=sdk.go:454 version=0.0.0 msg="Skipping core service version compatibility check for SDK Beta version or running in debugger"
level=INFO ts=2020-03-04T17:04:11.28236927Z app=image-forwarder source=sdk.go:382 msg="Clients initialized"
level=INFO ts=2020-03-04T17:04:11.286115555Z app=image-forwarder source=server.go:183 msg="Registering standard routes..."
level=INFO ts=2020-03-04T17:04:11.289912302Z app=image-forwarder source=main.go:76 msg="Filtering for [Image] value descriptors..."
level=INFO ts=2020-03-04T17:04:11.286235892Z app=image-forwarder source=telemetry.go:79 msg="Starting CPU Usage Average loop"
level=INFO ts=2020-03-04T17:04:11.293255915Z app=image-forwarder source=sdk.go:508 msg="MessageBus trigger selected"
level=INFO ts=2020-03-04T17:04:11.300081133Z app=image-forwarder source=messaging.go:46 msg="Initializing Message Bus Trigger. Subscribing to topic: events on port 5563 , Publish Topic: somewhere on port 5564"
level=INFO ts=2020-03-04T17:04:11.303727625Z app=image-forwarder source=sdk.go:154 msg="StoreAndForward disabled. Not running retry loop."
level=INFO ts=2020-03-04T17:04:11.307105338Z app=image-forwarder source=sdk.go:157 msg="Face-detection Application Service started"
level=INFO ts=2020-03-04T17:04:11.310767314Z app=image-forwarder source=server.go:232 msg="Starting HTTP Server on port :48095"
